<?xml version="1.0" encoding="UTF-8"?>
<coverage generated="1488369665223" clover="3.2.0">
	<project timestamp="1488369665223"  name="All Files" >
		<metrics statements="149"  coveredstatements="78"  conditionals="50"  coveredconditionals="7"  methods="43"  coveredmethods="14"  elements="242"  coveredelements="99"  complexity="0"  packages="1"  files="7"  classes="7"  loc="283"  ncloc="283" />
		<package name="lib" >
			<metrics statements="149"  coveredstatements="78"  conditionals="50"  coveredconditionals="7"  methods="43"  coveredmethods="14" />
			<file name="events.js"  path="/Users/slavawpb/Documents/wpbakery/vc-cake/lib/events.js" >
				<metrics statements="14"  coveredstatements="4"  conditionals="10"  coveredconditionals="0"  methods="6"  coveredmethods="0" />
				<line num="3"  count="5"  type="stmt" />
				<line num="4"  count="5"  type="stmt" />
				<line num="5"  count="5"  type="stmt" />
				<line num="7"  count="5"  type="stmt" />
				<line num="9"  count="0"  type="stmt" />
				<line num="12"  count="0"  type="cond"  truecount="0"  falsecount="4" />
				<line num="13"  count="0"  type="stmt" />
				<line num="16"  count="0"  type="cond"  truecount="0"  falsecount="4" />
				<line num="17"  count="0"  type="stmt" />
				<line num="20"  count="0"  type="cond"  truecount="0"  falsecount="2" />
				<line num="21"  count="0"  type="stmt" />
				<line num="23"  count="0"  type="stmt" />
				<line num="27"  count="0"  type="stmt" />
				<line num="30"  count="0"  type="stmt" />
			</file>
			<file name="module-public-api-constructor.js"  path="/Users/slavawpb/Documents/wpbakery/vc-cake/lib/module-public-api-constructor.js" >
				<metrics statements="34"  coveredstatements="18"  conditionals="4"  coveredconditionals="1"  methods="10"  coveredmethods="2" />
				<line num="2"  count="4"  type="stmt" />
				<line num="4"  count="4"  type="stmt" />
				<line num="5"  count="4"  type="stmt" />
				<line num="6"  count="4"  type="stmt" />
				<line num="8"  count="4"  type="stmt" />
				<line num="9"  count="0"  type="stmt" />
				<line num="18"  count="4"  type="stmt" />
				<line num="19"  count="4"  type="stmt" />
				<line num="20"  count="4"  type="stmt" />
				<line num="21"  count="4"  type="stmt" />
				<line num="29"  count="0"  type="stmt" />
				<line num="33"  count="4"  type="stmt" />
				<line num="34"  count="1"  type="stmt" />
				<line num="35"  count="1"  type="cond"  truecount="1"  falsecount="1" />
				<line num="36"  count="1"  type="stmt" />
				<line num="38"  count="0"  type="stmt" />
				<line num="39"  count="0"  type="stmt" />
				<line num="40"  count="0"  type="stmt" />
				<line num="41"  count="0"  type="stmt" />
				<line num="48"  count="0"  type="cond"  truecount="0"  falsecount="2" />
				<line num="49"  count="0"  type="stmt" />
				<line num="51"  count="1"  type="stmt" />
				<line num="53"  count="4"  type="stmt" />
				<line num="54"  count="0"  type="stmt" />
				<line num="56"  count="4"  type="stmt" />
				<line num="57"  count="0"  type="stmt" />
				<line num="58"  count="0"  type="stmt" />
				<line num="60"  count="4"  type="stmt" />
				<line num="61"  count="0"  type="stmt" />
				<line num="64"  count="4"  type="stmt" />
				<line num="65"  count="0"  type="stmt" />
				<line num="66"  count="0"  type="stmt" />
				<line num="67"  count="0"  type="stmt" />
				<line num="68"  count="0"  type="stmt" />
			</file>
			<file name="proxy-event-constructor.js"  path="/Users/slavawpb/Documents/wpbakery/vc-cake/lib/proxy-event-constructor.js" >
				<metrics statements="13"  coveredstatements="12"  conditionals="2"  coveredconditionals="1"  methods="5"  coveredmethods="5" />
				<line num="1"  count="2"  type="stmt" />
				<line num="3"  count="2"  type="stmt" />
				<line num="4"  count="2"  type="cond"  truecount="1"  falsecount="1" />
				<line num="5"  count="0"  type="stmt" />
				<line num="7"  count="2"  type="stmt" />
				<line num="9"  count="2"  type="stmt" />
				<line num="10"  count="1"  type="stmt" />
				<line num="12"  count="2"  type="stmt" />
				<line num="13"  count="3"  type="stmt" />
				<line num="15"  count="2"  type="stmt" />
				<line num="16"  count="1"  type="stmt" />
				<line num="18"  count="2"  type="stmt" />
				<line num="19"  count="1"  type="stmt" />
			</file>
			<file name="services.js"  path="/Users/slavawpb/Documents/wpbakery/vc-cake/lib/services.js" >
				<metrics statements="20"  coveredstatements="4"  conditionals="14"  coveredconditionals="0"  methods="4"  coveredmethods="0" />
				<line num="3"  count="3"  type="stmt" />
				<line num="4"  count="3"  type="stmt" />
				<line num="5"  count="3"  type="stmt" />
				<line num="6"  count="3"  type="stmt" />
				<line num="8"  count="0"  type="cond"  truecount="0"  falsecount="2" />
				<line num="9"  count="0"  type="stmt" />
				<line num="11"  count="0"  type="cond"  truecount="0"  falsecount="2" />
				<line num="12"  count="0"  type="stmt" />
				<line num="15"  count="0"  type="stmt" />
				<line num="17"  count="0"  type="cond"  truecount="0"  falsecount="2" />
				<line num="22"  count="0"  type="stmt" />
				<line num="23"  count="0"  type="cond"  truecount="0"  falsecount="2" />
				<line num="24"  count="0"  type="stmt" />
				<line num="25"  count="0"  type="cond"  truecount="0"  falsecount="2" />
				<line num="26"  count="0"  type="stmt" />
				<line num="27"  count="0"  type="cond"  truecount="0"  falsecount="2" />
				<line num="28"  count="0"  type="stmt" />
				<line num="29"  count="0"  type="stmt" />
				<line num="31"  count="0"  type="cond"  truecount="0"  falsecount="2" />
				<line num="34"  count="0"  type="stmt" />
			</file>
			<file name="state.js"  path="/Users/slavawpb/Documents/wpbakery/vc-cake/lib/state.js" >
				<metrics statements="17"  coveredstatements="11"  conditionals="6"  coveredconditionals="2"  methods="5"  coveredmethods="3" />
				<line num="3"  count="4"  type="stmt" />
				<line num="4"  count="4"  type="stmt" />
				<line num="5"  count="4"  type="stmt" />
				<line num="6"  count="4"  type="stmt" />
				<line num="7"  count="4"  type="stmt" />
				<line num="8"  count="4"  type="stmt" />
				<line num="10"  count="2"  type="stmt" />
				<line num="11"  count="2"  type="stmt" />
				<line num="14"  count="3"  type="stmt" />
				<line num="15"  count="3"  type="cond"  truecount="2"  falsecount="0" />
				<line num="18"  count="1"  type="stmt" />
				<line num="21"  count="0"  type="cond"  truecount="0"  falsecount="2" />
				<line num="22"  count="0"  type="stmt" />
				<line num="24"  count="0"  type="stmt" />
				<line num="28"  count="0"  type="cond"  truecount="0"  falsecount="2" />
				<line num="29"  count="0"  type="stmt" />
				<line num="31"  count="0"  type="stmt" />
			</file>
			<file name="storage-constructor.js"  path="/Users/slavawpb/Documents/wpbakery/vc-cake/lib/storage-constructor.js" >
				<metrics statements="34"  coveredstatements="16"  conditionals="10"  coveredconditionals="1"  methods="8"  coveredmethods="1" />
				<line num="3"  count="6"  type="stmt" />
				<line num="4"  count="6"  type="stmt" />
				<line num="5"  count="6"  type="stmt" />
				<line num="6"  count="6"  type="stmt" />
				<line num="7"  count="6"  type="stmt" />
				<line num="8"  count="6"  type="stmt" />
				<line num="10"  count="6"  type="stmt" />
				<line num="14"  count="6"  type="stmt" />
				<line num="15"  count="6"  type="cond"  truecount="1"  falsecount="1" />
				<line num="16"  count="0"  type="stmt" />
				<line num="18"  count="6"  type="stmt" />
				<line num="30"  count="6"  type="stmt" />
				<line num="31"  count="0"  type="cond"  truecount="0"  falsecount="2" />
				<line num="32"  count="0"  type="stmt" />
				<line num="34"  count="0"  type="stmt" />
				<line num="35"  count="0"  type="cond"  truecount="0"  falsecount="2" />
				<line num="36"  count="0"  type="stmt" />
				<line num="38"  count="0"  type="stmt" />
				<line num="41"  count="6"  type="stmt" />
				<line num="42"  count="0"  type="stmt" />
				<line num="44"  count="6"  type="stmt" />
				<line num="45"  count="0"  type="stmt" />
				<line num="47"  count="6"  type="stmt" />
				<line num="48"  count="0"  type="stmt" />
				<line num="50"  count="6"  type="stmt" />
				<line num="51"  count="0"  type="stmt" />
				<line num="53"  count="6"  type="stmt" />
				<line num="54"  count="0"  type="stmt" />
				<line num="55"  count="0"  type="cond"  truecount="0"  falsecount="2" />
				<line num="56"  count="0"  type="stmt" />
				<line num="58"  count="0"  type="stmt" />
				<line num="59"  count="0"  type="cond"  truecount="0"  falsecount="2" />
				<line num="60"  count="0"  type="stmt" />
				<line num="64"  count="0"  type="stmt" />
			</file>
			<file name="storage-state-constructor.js"  path="/Users/slavawpb/Documents/wpbakery/vc-cake/lib/storage-state-constructor.js" >
				<metrics statements="17"  coveredstatements="13"  conditionals="4"  coveredconditionals="2"  methods="5"  coveredmethods="3" />
				<line num="3"  count="5"  type="stmt" />
				<line num="4"  count="5"  type="stmt" />
				<line num="5"  count="5"  type="stmt" />
				<line num="8"  count="5"  type="stmt" />
				<line num="9"  count="5"  type="cond"  truecount="1"  falsecount="1" />
				<line num="10"  count="0"  type="stmt" />
				<line num="12"  count="5"  type="cond"  truecount="1"  falsecount="1" />
				<line num="13"  count="0"  type="stmt" />
				<line num="15"  count="5"  type="stmt" />
				<line num="27"  count="5"  type="stmt" />
				<line num="28"  count="1"  type="stmt" />
				<line num="30"  count="5"  type="stmt" />
				<line num="31"  count="1"  type="stmt" />
				<line num="33"  count="5"  type="stmt" />
				<line num="34"  count="0"  type="stmt" />
				<line num="36"  count="5"  type="stmt" />
				<line num="37"  count="0"  type="stmt" />
			</file>
		</package>
	</project>
</coverage>
