{
"/Users/slavawpb/Documents/wpbakery/vc-cake/lib/module-public-api-constructor.js":{"path":"/Users/slavawpb/Documents/wpbakery/vc-cake/lib/module-public-api-constructor.js","s":{"1":4,"2":4,"3":4,"4":4,"5":4,"6":0,"7":4,"8":4,"9":4,"10":4,"11":0,"12":4,"13":1,"14":1,"15":1,"16":0,"17":0,"18":0,"19":0,"20":0,"21":0,"22":1,"23":4,"24":0,"25":4,"26":0,"27":0,"28":4,"29":0,"30":4,"31":0,"32":0,"33":0,"34":0},"b":{"1":[1,0],"2":[0,0]},"f":{"1":0,"2":4,"3":0,"4":1,"5":0,"6":0,"7":0,"8":0,"9":0,"10":0},"fnMap":{"1":{"name":"(anonymous_1)","line":8,"loc":{"start":{"line":8,"column":17},"end":{"line":8,"column":49}}},"2":{"name":"(anonymous_2)","line":19,"loc":{"start":{"line":19,"column":23},"end":{"line":19,"column":39}}},"3":{"name":"(anonymous_3)","line":28,"loc":{"start":{"line":28,"column":9},"end":{"line":28,"column":21}}},"4":{"name":"(anonymous_4)","line":33,"loc":{"start":{"line":33,"column":19},"end":{"line":33,"column":49}}},"5":{"name":"(anonymous_5)","line":37,"loc":{"start":{"line":37,"column":10},"end":{"line":37,"column":22}}},"6":{"name":"(anonymous_6)","line":40,"loc":{"start":{"line":40,"column":23},"end":{"line":40,"column":35}}},"7":{"name":"(anonymous_7)","line":53,"loc":{"start":{"line":53,"column":21},"end":{"line":53,"column":42}}},"8":{"name":"(anonymous_8)","line":56,"loc":{"start":{"line":56,"column":20},"end":{"line":56,"column":50}}},"9":{"name":"(anonymous_9)","line":60,"loc":{"start":{"line":60,"column":24},"end":{"line":60,"column":45}}},"10":{"name":"(anonymous_10)","line":64,"loc":{"start":{"line":64,"column":19},"end":{"line":64,"column":31}}}},"statementMap":{"1":{"start":{"line":2,"column":0},"end":{"line":2,"column":25}},"2":{"start":{"line":4,"column":0},"end":{"line":4,"column":55}},"3":{"start":{"line":5,"column":0},"end":{"line":5,"column":32}},"4":{"start":{"line":6,"column":0},"end":{"line":6,"column":32}},"5":{"start":{"line":8,"column":0},"end":{"line":10,"column":1}},"6":{"start":{"line":9,"column":2},"end":{"line":9,"column":41}},"7":{"start":{"line":18,"column":0},"end":{"line":18,"column":7}},"8":{"start":{"line":19,"column":0},"end":{"line":32,"column":1}},"9":{"start":{"line":20,"column":2},"end":{"line":20,"column":18}},"10":{"start":{"line":21,"column":2},"end":{"line":31,"column":4}},"11":{"start":{"line":29,"column":6},"end":{"line":29,"column":51}},"12":{"start":{"line":33,"column":0},"end":{"line":52,"column":1}},"13":{"start":{"line":34,"column":2},"end":{"line":34,"column":19}},"14":{"start":{"line":35,"column":2},"end":{"line":50,"column":3}},"15":{"start":{"line":36,"column":4},"end":{"line":47,"column":5}},"16":{"start":{"line":38,"column":8},"end":{"line":38,"column":33}},"17":{"start":{"line":39,"column":8},"end":{"line":39,"column":59}},"18":{"start":{"line":40,"column":8},"end":{"line":42,"column":21}},"19":{"start":{"line":41,"column":10},"end":{"line":41,"column":45}},"20":{"start":{"line":48,"column":9},"end":{"line":50,"column":3}},"21":{"start":{"line":49,"column":4},"end":{"line":49,"column":74}},"22":{"start":{"line":51,"column":2},"end":{"line":51,"column":15}},"23":{"start":{"line":53,"column":0},"end":{"line":55,"column":1}},"24":{"start":{"line":54,"column":2},"end":{"line":54,"column":41}},"25":{"start":{"line":56,"column":0},"end":{"line":59,"column":1}},"26":{"start":{"line":57,"column":2},"end":{"line":57,"column":74}},"27":{"start":{"line":58,"column":2},"end":{"line":58,"column":13}},"28":{"start":{"line":60,"column":0},"end":{"line":62,"column":1}},"29":{"start":{"line":61,"column":2},"end":{"line":61,"column":42}},"30":{"start":{"line":64,"column":0},"end":{"line":69,"column":1}},"31":{"start":{"line":65,"column":2},"end":{"line":65,"column":27}},"32":{"start":{"line":66,"column":2},"end":{"line":66,"column":53}},"33":{"start":{"line":67,"column":2},"end":{"line":67,"column":37}},"34":{"start":{"line":68,"column":2},"end":{"line":68,"column":13}}},"branchMap":{"1":{"line":35,"type":"if","locations":[{"start":{"line":35,"column":2},"end":{"line":35,"column":2}},{"start":{"line":35,"column":2},"end":{"line":35,"column":2}}]},"2":{"line":48,"type":"if","locations":[{"start":{"line":48,"column":9},"end":{"line":48,"column":9}},{"start":{"line":48,"column":9},"end":{"line":48,"column":9}}]}},"l":{"2":4,"4":4,"5":4,"6":4,"8":4,"9":0,"18":4,"19":4,"20":4,"21":4,"29":0,"33":4,"34":1,"35":1,"36":1,"38":0,"39":0,"40":0,"41":0,"48":0,"49":0,"51":1,"53":4,"54":0,"56":4,"57":0,"58":0,"60":4,"61":0,"64":4,"65":0,"66":0,"67":0,"68":0}},
"/Users/slavawpb/Documents/wpbakery/vc-cake/lib/storage-state-constructor.js":{"path":"/Users/slavawpb/Documents/wpbakery/vc-cake/lib/storage-state-constructor.js","s":{"1":5,"2":5,"3":5,"4":5,"5":5,"6":0,"7":5,"8":0,"9":5,"10":5,"11":1,"12":5,"13":1,"14":5,"15":0,"16":5,"17":0},"b":{"1":[0,5],"2":[0,5]},"f":{"1":5,"2":1,"3":1,"4":0,"5":0},"fnMap":{"1":{"name":"(anonymous_1)","line":8,"loc":{"start":{"line":8,"column":36},"end":{"line":8,"column":61}}},"2":{"name":"(anonymous_2)","line":27,"loc":{"start":{"line":27,"column":29},"end":{"line":27,"column":46}}},"3":{"name":"(anonymous_3)","line":30,"loc":{"start":{"line":30,"column":29},"end":{"line":30,"column":41}}},"4":{"name":"(anonymous_4)","line":33,"loc":{"start":{"line":33,"column":34},"end":{"line":33,"column":57}}},"5":{"name":"(anonymous_5)","line":36,"loc":{"start":{"line":36,"column":38},"end":{"line":36,"column":61}}}},"statementMap":{"1":{"start":{"line":3,"column":0},"end":{"line":3,"column":30}},"2":{"start":{"line":4,"column":0},"end":{"line":4,"column":42}},"3":{"start":{"line":5,"column":0},"end":{"line":5,"column":55}},"4":{"start":{"line":8,"column":0},"end":{"line":26,"column":1}},"5":{"start":{"line":9,"column":2},"end":{"line":11,"column":3}},"6":{"start":{"line":10,"column":4},"end":{"line":10,"column":96}},"7":{"start":{"line":12,"column":2},"end":{"line":14,"column":3}},"8":{"start":{"line":13,"column":4},"end":{"line":13,"column":102}},"9":{"start":{"line":15,"column":2},"end":{"line":25,"column":4}},"10":{"start":{"line":27,"column":0},"end":{"line":29,"column":1}},"11":{"start":{"line":28,"column":2},"end":{"line":28,"column":30}},"12":{"start":{"line":30,"column":0},"end":{"line":32,"column":1}},"13":{"start":{"line":31,"column":2},"end":{"line":31,"column":30}},"14":{"start":{"line":33,"column":0},"end":{"line":35,"column":1}},"15":{"start":{"line":34,"column":2},"end":{"line":34,"column":41}},"16":{"start":{"line":36,"column":0},"end":{"line":38,"column":1}},"17":{"start":{"line":37,"column":2},"end":{"line":37,"column":45}}},"branchMap":{"1":{"line":9,"type":"if","locations":[{"start":{"line":9,"column":2},"end":{"line":9,"column":2}},{"start":{"line":9,"column":2},"end":{"line":9,"column":2}}]},"2":{"line":12,"type":"if","locations":[{"start":{"line":12,"column":2},"end":{"line":12,"column":2}},{"start":{"line":12,"column":2},"end":{"line":12,"column":2}}]}},"l":{"3":5,"4":5,"5":5,"8":5,"9":5,"10":0,"12":5,"13":0,"15":5,"27":5,"28":1,"30":5,"31":1,"33":5,"34":0,"36":5,"37":0}},
"/Users/slavawpb/Documents/wpbakery/vc-cake/lib/state.js":{"path":"/Users/slavawpb/Documents/wpbakery/vc-cake/lib/state.js","s":{"1":4,"2":4,"3":4,"4":4,"5":4,"6":4,"7":2,"8":2,"9":3,"10":3,"11":1,"12":0,"13":0,"14":0,"15":0,"16":0,"17":0},"b":{"1":[1,2],"2":[0,0],"3":[0,0]},"f":{"1":2,"2":3,"3":1,"4":0,"5":0},"fnMap":{"1":{"name":"(anonymous_1)","line":9,"loc":{"start":{"line":9,"column":7},"end":{"line":9,"column":29}}},"2":{"name":"(anonymous_2)","line":13,"loc":{"start":{"line":13,"column":7},"end":{"line":13,"column":22}}},"3":{"name":"(anonymous_3)","line":17,"loc":{"start":{"line":17,"column":8},"end":{"line":17,"column":20}}},"4":{"name":"(anonymous_4)","line":20,"loc":{"start":{"line":20,"column":12},"end":{"line":20,"column":40}}},"5":{"name":"(anonymous_5)","line":27,"loc":{"start":{"line":27,"column":16},"end":{"line":27,"column":44}}}},"statementMap":{"1":{"start":{"line":3,"column":0},"end":{"line":3,"column":36}},"2":{"start":{"line":4,"column":0},"end":{"line":4,"column":33}},"3":{"start":{"line":5,"column":0},"end":{"line":5,"column":32}},"4":{"start":{"line":6,"column":0},"end":{"line":6,"column":42}},"5":{"start":{"line":7,"column":0},"end":{"line":7,"column":33}},"6":{"start":{"line":8,"column":0},"end":{"line":34,"column":1}},"7":{"start":{"line":10,"column":4},"end":{"line":10,"column":51}},"8":{"start":{"line":11,"column":4},"end":{"line":11,"column":53}},"9":{"start":{"line":14,"column":4},"end":{"line":14,"column":29}},"10":{"start":{"line":15,"column":4},"end":{"line":15,"column":68}},"11":{"start":{"line":18,"column":4},"end":{"line":18,"column":23}},"12":{"start":{"line":21,"column":4},"end":{"line":25,"column":5}},"13":{"start":{"line":22,"column":6},"end":{"line":22,"column":59}},"14":{"start":{"line":24,"column":6},"end":{"line":24,"column":101}},"15":{"start":{"line":28,"column":4},"end":{"line":32,"column":5}},"16":{"start":{"line":29,"column":6},"end":{"line":29,"column":61}},"17":{"start":{"line":31,"column":6},"end":{"line":31,"column":101}}},"branchMap":{"1":{"line":15,"type":"cond-expr","locations":[{"start":{"line":15,"column":50},"end":{"line":15,"column":61}},{"start":{"line":15,"column":64},"end":{"line":15,"column":68}}]},"2":{"line":21,"type":"if","locations":[{"start":{"line":21,"column":4},"end":{"line":21,"column":4}},{"start":{"line":21,"column":4},"end":{"line":21,"column":4}}]},"3":{"line":28,"type":"if","locations":[{"start":{"line":28,"column":4},"end":{"line":28,"column":4}},{"start":{"line":28,"column":4},"end":{"line":28,"column":4}}]}},"l":{"3":4,"4":4,"5":4,"6":4,"7":4,"8":4,"10":2,"11":2,"14":3,"15":3,"18":1,"21":0,"22":0,"24":0,"28":0,"29":0,"31":0}},
"/Users/slavawpb/Documents/wpbakery/vc-cake/lib/storage-constructor.js":{"path":"/Users/slavawpb/Documents/wpbakery/vc-cake/lib/storage-constructor.js","s":{"1":6,"2":6,"3":6,"4":6,"5":6,"6":6,"7":6,"8":6,"9":6,"10":0,"11":6,"12":6,"13":0,"14":0,"15":0,"16":0,"17":0,"18":0,"19":6,"20":0,"21":6,"22":0,"23":6,"24":0,"25":6,"26":0,"27":6,"28":0,"29":0,"30":0,"31":0,"32":0,"33":0,"34":0},"b":{"1":[0,6],"2":[0,0],"3":[0,0],"4":[0,0],"5":[0,0]},"f":{"1":6,"2":0,"3":0,"4":0,"5":0,"6":0,"7":0,"8":0},"fnMap":{"1":{"name":"(anonymous_1)","line":14,"loc":{"start":{"line":14,"column":31},"end":{"line":14,"column":47}}},"2":{"name":"(anonymous_2)","line":30,"loc":{"start":{"line":30,"column":26},"end":{"line":30,"column":43}}},"3":{"name":"(anonymous_3)","line":41,"loc":{"start":{"line":41,"column":23},"end":{"line":41,"column":53}}},"4":{"name":"(anonymous_4)","line":44,"loc":{"start":{"line":44,"column":25},"end":{"line":44,"column":46}}},"5":{"name":"(anonymous_5)","line":47,"loc":{"start":{"line":47,"column":24},"end":{"line":47,"column":54}}},"6":{"name":"(anonymous_6)","line":50,"loc":{"start":{"line":50,"column":28},"end":{"line":50,"column":49}}},"7":{"name":"(anonymous_7)","line":53,"loc":{"start":{"line":53,"column":28},"end":{"line":53,"column":45}}},"8":{"name":"(anonymous_8)","line":58,"loc":{"start":{"line":58,"column":46},"end":{"line":58,"column":91}}}},"statementMap":{"1":{"start":{"line":3,"column":0},"end":{"line":3,"column":35}},"2":{"start":{"line":4,"column":0},"end":{"line":4,"column":32}},"3":{"start":{"line":5,"column":0},"end":{"line":5,"column":42}},"4":{"start":{"line":6,"column":0},"end":{"line":6,"column":57}},"5":{"start":{"line":7,"column":0},"end":{"line":7,"column":55}},"6":{"start":{"line":8,"column":0},"end":{"line":8,"column":46}},"7":{"start":{"line":10,"column":0},"end":{"line":10,"column":15}},"8":{"start":{"line":14,"column":0},"end":{"line":29,"column":1}},"9":{"start":{"line":15,"column":2},"end":{"line":17,"column":3}},"10":{"start":{"line":16,"column":4},"end":{"line":16,"column":96}},"11":{"start":{"line":18,"column":2},"end":{"line":28,"column":4}},"12":{"start":{"line":30,"column":0},"end":{"line":39,"column":1}},"13":{"start":{"line":31,"column":2},"end":{"line":33,"column":3}},"14":{"start":{"line":32,"column":4},"end":{"line":32,"column":101}},"15":{"start":{"line":34,"column":2},"end":{"line":34,"column":41}},"16":{"start":{"line":35,"column":2},"end":{"line":37,"column":3}},"17":{"start":{"line":36,"column":4},"end":{"line":36,"column":58}},"18":{"start":{"line":38,"column":2},"end":{"line":38,"column":26}},"19":{"start":{"line":41,"column":0},"end":{"line":43,"column":1}},"20":{"start":{"line":42,"column":2},"end":{"line":42,"column":73}},"21":{"start":{"line":44,"column":0},"end":{"line":46,"column":1}},"22":{"start":{"line":45,"column":2},"end":{"line":45,"column":41}},"23":{"start":{"line":47,"column":0},"end":{"line":49,"column":1}},"24":{"start":{"line":48,"column":2},"end":{"line":48,"column":75}},"25":{"start":{"line":50,"column":0},"end":{"line":52,"column":1}},"26":{"start":{"line":51,"column":2},"end":{"line":51,"column":42}},"27":{"start":{"line":53,"column":0},"end":{"line":65,"column":1}},"28":{"start":{"line":54,"column":2},"end":{"line":54,"column":53}},"29":{"start":{"line":55,"column":2},"end":{"line":63,"column":3}},"30":{"start":{"line":56,"column":4},"end":{"line":56,"column":66}},"31":{"start":{"line":58,"column":4},"end":{"line":62,"column":55}},"32":{"start":{"line":59,"column":6},"end":{"line":61,"column":7}},"33":{"start":{"line":60,"column":8},"end":{"line":60,"column":50}},"34":{"start":{"line":64,"column":2},"end":{"line":64,"column":13}}},"branchMap":{"1":{"line":15,"type":"if","locations":[{"start":{"line":15,"column":2},"end":{"line":15,"column":2}},{"start":{"line":15,"column":2},"end":{"line":15,"column":2}}]},"2":{"line":31,"type":"if","locations":[{"start":{"line":31,"column":2},"end":{"line":31,"column":2}},{"start":{"line":31,"column":2},"end":{"line":31,"column":2}}]},"3":{"line":35,"type":"if","locations":[{"start":{"line":35,"column":2},"end":{"line":35,"column":2}},{"start":{"line":35,"column":2},"end":{"line":35,"column":2}}]},"4":{"line":55,"type":"if","locations":[{"start":{"line":55,"column":2},"end":{"line":55,"column":2}},{"start":{"line":55,"column":2},"end":{"line":55,"column":2}}]},"5":{"line":59,"type":"if","locations":[{"start":{"line":59,"column":6},"end":{"line":59,"column":6}},{"start":{"line":59,"column":6},"end":{"line":59,"column":6}}]}},"l":{"3":6,"4":6,"5":6,"6":6,"7":6,"8":6,"10":6,"14":6,"15":6,"16":0,"18":6,"30":6,"31":0,"32":0,"34":0,"35":0,"36":0,"38":0,"41":6,"42":0,"44":6,"45":0,"47":6,"48":0,"50":6,"51":0,"53":6,"54":0,"55":0,"56":0,"58":0,"59":0,"60":0,"64":0}},
"/Users/slavawpb/Documents/wpbakery/vc-cake/lib/services.js":{"path":"/Users/slavawpb/Documents/wpbakery/vc-cake/lib/services.js","s":{"1":3,"2":3,"3":3,"4":3,"5":0,"6":0,"7":0,"8":0,"9":0,"10":0,"11":0,"12":0,"13":0,"14":0,"15":0,"16":0,"17":0,"18":0,"19":0,"20":0},"b":{"1":[0,0],"2":[0,0],"3":[0,0],"4":[0,0],"5":[0,0],"6":[0,0],"7":[0,0]},"f":{"1":0,"2":0,"3":0,"4":0},"fnMap":{"1":{"name":"(anonymous_1)","line":7,"loc":{"start":{"line":7,"column":7},"end":{"line":7,"column":28}}},"2":{"name":"(anonymous_2)","line":16,"loc":{"start":{"line":16,"column":20},"end":{"line":16,"column":41}}},"3":{"name":"(anonymous_3)","line":21,"loc":{"start":{"line":21,"column":7},"end":{"line":21,"column":23}}},"4":{"name":"(anonymous_4)","line":33,"loc":{"start":{"line":33,"column":9},"end":{"line":33,"column":21}}}},"statementMap":{"1":{"start":{"line":3,"column":0},"end":{"line":3,"column":35}},"2":{"start":{"line":4,"column":0},"end":{"line":4,"column":42}},"3":{"start":{"line":5,"column":0},"end":{"line":5,"column":14}},"4":{"start":{"line":6,"column":0},"end":{"line":36,"column":1}},"5":{"start":{"line":8,"column":4},"end":{"line":10,"column":5}},"6":{"start":{"line":9,"column":6},"end":{"line":9,"column":95}},"7":{"start":{"line":11,"column":4},"end":{"line":13,"column":5}},"8":{"start":{"line":12,"column":6},"end":{"line":12,"column":92}},"9":{"start":{"line":15,"column":4},"end":{"line":19,"column":5}},"10":{"start":{"line":17,"column":8},"end":{"line":17,"column":32}},"11":{"start":{"line":22,"column":4},"end":{"line":22,"column":20}},"12":{"start":{"line":23,"column":4},"end":{"line":30,"column":5}},"13":{"start":{"line":24,"column":6},"end":{"line":24,"column":94}},"14":{"start":{"line":25,"column":11},"end":{"line":30,"column":5}},"15":{"start":{"line":26,"column":6},"end":{"line":26,"column":34}},"16":{"start":{"line":27,"column":11},"end":{"line":30,"column":5}},"17":{"start":{"line":28,"column":6},"end":{"line":28,"column":53}},"18":{"start":{"line":29,"column":6},"end":{"line":29,"column":34}},"19":{"start":{"line":31,"column":4},"end":{"line":31,"column":94}},"20":{"start":{"line":34,"column":4},"end":{"line":34,"column":14}}},"branchMap":{"1":{"line":8,"type":"if","locations":[{"start":{"line":8,"column":4},"end":{"line":8,"column":4}},{"start":{"line":8,"column":4},"end":{"line":8,"column":4}}]},"2":{"line":11,"type":"if","locations":[{"start":{"line":11,"column":4},"end":{"line":11,"column":4}},{"start":{"line":11,"column":4},"end":{"line":11,"column":4}}]},"3":{"line":17,"type":"cond-expr","locations":[{"start":{"line":17,"column":22},"end":{"line":17,"column":25}},{"start":{"line":17,"column":28},"end":{"line":17,"column":32}}]},"4":{"line":23,"type":"if","locations":[{"start":{"line":23,"column":4},"end":{"line":23,"column":4}},{"start":{"line":23,"column":4},"end":{"line":23,"column":4}}]},"5":{"line":25,"type":"if","locations":[{"start":{"line":25,"column":11},"end":{"line":25,"column":11}},{"start":{"line":25,"column":11},"end":{"line":25,"column":11}}]},"6":{"line":27,"type":"if","locations":[{"start":{"line":27,"column":11},"end":{"line":27,"column":11}},{"start":{"line":27,"column":11},"end":{"line":27,"column":11}}]},"7":{"line":31,"type":"binary-expr","locations":[{"start":{"line":31,"column":11},"end":{"line":31,"column":16}},{"start":{"line":31,"column":20},"end":{"line":31,"column":94}}]}},"l":{"3":3,"4":3,"5":3,"6":3,"8":0,"9":0,"11":0,"12":0,"15":0,"17":0,"22":0,"23":0,"24":0,"25":0,"26":0,"27":0,"28":0,"29":0,"31":0,"34":0}},
"/Users/slavawpb/Documents/wpbakery/vc-cake/lib/proxy-event-constructor.js":{"path":"/Users/slavawpb/Documents/wpbakery/vc-cake/lib/proxy-event-constructor.js","s":{"1":2,"2":2,"3":2,"4":0,"5":2,"6":2,"7":1,"8":2,"9":3,"10":2,"11":1,"12":2,"13":1},"b":{"1":[0,2]},"f":{"1":2,"2":1,"3":3,"4":1,"5":1},"fnMap":{"1":{"name":"(anonymous_1)","line":3,"loc":{"start":{"line":3,"column":34},"end":{"line":3,"column":53}}},"2":{"name":"(anonymous_2)","line":9,"loc":{"start":{"line":9,"column":27},"end":{"line":9,"column":49}}},"3":{"name":"(anonymous_3)","line":12,"loc":{"start":{"line":12,"column":27},"end":{"line":12,"column":42}}},"4":{"name":"(anonymous_4)","line":15,"loc":{"start":{"line":15,"column":31},"end":{"line":15,"column":43}}},"5":{"name":"(anonymous_5)","line":18,"loc":{"start":{"line":18,"column":32},"end":{"line":18,"column":44}}}},"statementMap":{"1":{"start":{"line":1,"column":0},"end":{"line":1,"column":41}},"2":{"start":{"line":3,"column":0},"end":{"line":8,"column":1}},"3":{"start":{"line":4,"column":2},"end":{"line":6,"column":3}},"4":{"start":{"line":5,"column":4},"end":{"line":5,"column":61}},"5":{"start":{"line":7,"column":2},"end":{"line":7,"column":49}},"6":{"start":{"line":9,"column":0},"end":{"line":11,"column":1}},"7":{"start":{"line":10,"column":2},"end":{"line":10,"column":27}},"8":{"start":{"line":12,"column":0},"end":{"line":14,"column":1}},"9":{"start":{"line":13,"column":2},"end":{"line":13,"column":26}},"10":{"start":{"line":15,"column":0},"end":{"line":17,"column":1}},"11":{"start":{"line":16,"column":2},"end":{"line":16,"column":25}},"12":{"start":{"line":18,"column":0},"end":{"line":20,"column":1}},"13":{"start":{"line":19,"column":2},"end":{"line":19,"column":25}}},"branchMap":{"1":{"line":4,"type":"if","locations":[{"start":{"line":4,"column":2},"end":{"line":4,"column":2}},{"start":{"line":4,"column":2},"end":{"line":4,"column":2}}]}},"l":{"1":2,"3":2,"4":2,"5":0,"7":2,"9":2,"10":1,"12":2,"13":3,"15":2,"16":1,"18":2,"19":1}},
"/Users/slavawpb/Documents/wpbakery/vc-cake/lib/events.js":{"path":"/Users/slavawpb/Documents/wpbakery/vc-cake/lib/events.js","s":{"1":5,"2":5,"3":5,"4":5,"5":0,"6":0,"7":0,"8":0,"9":0,"10":0,"11":0,"12":0,"13":0,"14":0},"b":{"1":[0,0],"2":[0,0],"3":[0,0],"4":[0,0],"5":[0,0]},"f":{"1":0,"2":0,"3":0,"4":0,"5":0,"6":0},"fnMap":{"1":{"name":"(anonymous_1)","line":8,"loc":{"start":{"line":8,"column":17},"end":{"line":8,"column":54}}},"2":{"name":"(anonymous_2)","line":11,"loc":{"start":{"line":11,"column":19},"end":{"line":11,"column":63}}},"3":{"name":"(anonymous_3)","line":15,"loc":{"start":{"line":15,"column":21},"end":{"line":15,"column":65}}},"4":{"name":"(anonymous_4)","line":19,"loc":{"start":{"line":19,"column":11},"end":{"line":19,"column":34}}},"5":{"name":"(anonymous_5)","line":26,"loc":{"start":{"line":26,"column":9},"end":{"line":26,"column":30}}},"6":{"name":"(anonymous_6)","line":29,"loc":{"start":{"line":29,"column":10},"end":{"line":29,"column":31}}}},"statementMap":{"1":{"start":{"line":3,"column":0},"end":{"line":3,"column":35}},"2":{"start":{"line":4,"column":0},"end":{"line":4,"column":42}},"3":{"start":{"line":5,"column":0},"end":{"line":5,"column":41}},"4":{"start":{"line":7,"column":0},"end":{"line":32,"column":1}},"5":{"start":{"line":9,"column":4},"end":{"line":9,"column":61}},"6":{"start":{"line":12,"column":4},"end":{"line":12,"column":61}},"7":{"start":{"line":13,"column":4},"end":{"line":13,"column":67}},"8":{"start":{"line":16,"column":4},"end":{"line":16,"column":61}},"9":{"start":{"line":17,"column":4},"end":{"line":17,"column":69}},"10":{"start":{"line":20,"column":4},"end":{"line":24,"column":5}},"11":{"start":{"line":21,"column":6},"end":{"line":21,"column":127}},"12":{"start":{"line":23,"column":6},"end":{"line":23,"column":49}},"13":{"start":{"line":27,"column":4},"end":{"line":27,"column":51}},"14":{"start":{"line":30,"column":4},"end":{"line":30,"column":53}}},"branchMap":{"1":{"line":12,"type":"cond-expr","locations":[{"start":{"line":12,"column":41},"end":{"line":12,"column":53}},{"start":{"line":12,"column":56},"end":{"line":12,"column":61}}]},"2":{"line":12,"type":"binary-expr","locations":[{"start":{"line":12,"column":15},"end":{"line":12,"column":22}},{"start":{"line":12,"column":26},"end":{"line":12,"column":38}}]},"3":{"line":16,"type":"cond-expr","locations":[{"start":{"line":16,"column":41},"end":{"line":16,"column":53}},{"start":{"line":16,"column":56},"end":{"line":16,"column":61}}]},"4":{"line":16,"type":"binary-expr","locations":[{"start":{"line":16,"column":15},"end":{"line":16,"column":22}},{"start":{"line":16,"column":26},"end":{"line":16,"column":38}}]},"5":{"line":20,"type":"if","locations":[{"start":{"line":20,"column":4},"end":{"line":20,"column":4}},{"start":{"line":20,"column":4},"end":{"line":20,"column":4}}]}},"l":{"3":5,"4":5,"5":5,"7":5,"9":0,"12":0,"13":0,"16":0,"17":0,"20":0,"21":0,"23":0,"27":0,"30":0}}}
