TN:
SF:/Users/slavawpb/Documents/wpbakery/vc-cake/lib/module-public-api-constructor.js
FN:8,(anonymous_1)
FN:19,(anonymous_2)
FN:28,(anonymous_3)
FN:33,(anonymous_4)
FN:37,(anonymous_5)
FN:40,(anonymous_6)
FN:53,(anonymous_7)
FN:56,(anonymous_8)
FN:60,(anonymous_9)
FN:64,(anonymous_10)
FNF:10
FNH:2
FNDA:0,(anonymous_1)
FNDA:4,(anonymous_2)
FNDA:0,(anonymous_3)
FNDA:1,(anonymous_4)
FNDA:0,(anonymous_5)
FNDA:0,(anonymous_6)
FNDA:0,(anonymous_7)
FNDA:0,(anonymous_8)
FNDA:0,(anonymous_9)
FNDA:0,(anonymous_10)
DA:2,4
DA:4,4
DA:5,4
DA:6,4
DA:8,4
DA:9,0
DA:18,4
DA:19,4
DA:20,4
DA:21,4
DA:29,0
DA:33,4
DA:34,1
DA:35,1
DA:36,1
DA:38,0
DA:39,0
DA:40,0
DA:41,0
DA:48,0
DA:49,0
DA:51,1
DA:53,4
DA:54,0
DA:56,4
DA:57,0
DA:58,0
DA:60,4
DA:61,0
DA:64,4
DA:65,0
DA:66,0
DA:67,0
DA:68,0
LF:34
LH:18
BRDA:35,1,0,1
BRDA:35,1,1,0
BRDA:48,2,0,0
BRDA:48,2,1,0
BRF:4
BRH:1
end_of_record
TN:
SF:/Users/slavawpb/Documents/wpbakery/vc-cake/lib/storage-state-constructor.js
FN:8,(anonymous_1)
FN:27,(anonymous_2)
FN:30,(anonymous_3)
FN:33,(anonymous_4)
FN:36,(anonymous_5)
FNF:5
FNH:3
FNDA:5,(anonymous_1)
FNDA:1,(anonymous_2)
FNDA:1,(anonymous_3)
FNDA:0,(anonymous_4)
FNDA:0,(anonymous_5)
DA:3,5
DA:4,5
DA:5,5
DA:8,5
DA:9,5
DA:10,0
DA:12,5
DA:13,0
DA:15,5
DA:27,5
DA:28,1
DA:30,5
DA:31,1
DA:33,5
DA:34,0
DA:36,5
DA:37,0
LF:17
LH:13
BRDA:9,1,0,0
BRDA:9,1,1,5
BRDA:12,2,0,0
BRDA:12,2,1,5
BRF:4
BRH:2
end_of_record
TN:
SF:/Users/slavawpb/Documents/wpbakery/vc-cake/lib/state.js
FN:9,(anonymous_1)
FN:13,(anonymous_2)
FN:17,(anonymous_3)
FN:20,(anonymous_4)
FN:27,(anonymous_5)
FNF:5
FNH:3
FNDA:2,(anonymous_1)
FNDA:3,(anonymous_2)
FNDA:1,(anonymous_3)
FNDA:0,(anonymous_4)
FNDA:0,(anonymous_5)
DA:3,4
DA:4,4
DA:5,4
DA:6,4
DA:7,4
DA:8,4
DA:10,2
DA:11,2
DA:14,3
DA:15,3
DA:18,1
DA:21,0
DA:22,0
DA:24,0
DA:28,0
DA:29,0
DA:31,0
LF:17
LH:11
BRDA:15,1,0,1
BRDA:15,1,1,2
BRDA:21,2,0,0
BRDA:21,2,1,0
BRDA:28,3,0,0
BRDA:28,3,1,0
BRF:6
BRH:2
end_of_record
TN:
SF:/Users/slavawpb/Documents/wpbakery/vc-cake/lib/storage-constructor.js
FN:14,(anonymous_1)
FN:30,(anonymous_2)
FN:41,(anonymous_3)
FN:44,(anonymous_4)
FN:47,(anonymous_5)
FN:50,(anonymous_6)
FN:53,(anonymous_7)
FN:58,(anonymous_8)
FNF:8
FNH:1
FNDA:6,(anonymous_1)
FNDA:0,(anonymous_2)
FNDA:0,(anonymous_3)
FNDA:0,(anonymous_4)
FNDA:0,(anonymous_5)
FNDA:0,(anonymous_6)
FNDA:0,(anonymous_7)
FNDA:0,(anonymous_8)
DA:3,6
DA:4,6
DA:5,6
DA:6,6
DA:7,6
DA:8,6
DA:10,6
DA:14,6
DA:15,6
DA:16,0
DA:18,6
DA:30,6
DA:31,0
DA:32,0
DA:34,0
DA:35,0
DA:36,0
DA:38,0
DA:41,6
DA:42,0
DA:44,6
DA:45,0
DA:47,6
DA:48,0
DA:50,6
DA:51,0
DA:53,6
DA:54,0
DA:55,0
DA:56,0
DA:58,0
DA:59,0
DA:60,0
DA:64,0
LF:34
LH:16
BRDA:15,1,0,0
BRDA:15,1,1,6
BRDA:31,2,0,0
BRDA:31,2,1,0
BRDA:35,3,0,0
BRDA:35,3,1,0
BRDA:55,4,0,0
BRDA:55,4,1,0
BRDA:59,5,0,0
BRDA:59,5,1,0
BRF:10
BRH:1
end_of_record
TN:
SF:/Users/slavawpb/Documents/wpbakery/vc-cake/lib/services.js
FN:7,(anonymous_1)
FN:16,(anonymous_2)
FN:21,(anonymous_3)
FN:33,(anonymous_4)
FNF:4
FNH:0
FNDA:0,(anonymous_1)
FNDA:0,(anonymous_2)
FNDA:0,(anonymous_3)
FNDA:0,(anonymous_4)
DA:3,3
DA:4,3
DA:5,3
DA:6,3
DA:8,0
DA:9,0
DA:11,0
DA:12,0
DA:15,0
DA:17,0
DA:22,0
DA:23,0
DA:24,0
DA:25,0
DA:26,0
DA:27,0
DA:28,0
DA:29,0
DA:31,0
DA:34,0
LF:20
LH:4
BRDA:8,1,0,0
BRDA:8,1,1,0
BRDA:11,2,0,0
BRDA:11,2,1,0
BRDA:17,3,0,0
BRDA:17,3,1,0
BRDA:23,4,0,0
BRDA:23,4,1,0
BRDA:25,5,0,0
BRDA:25,5,1,0
BRDA:27,6,0,0
BRDA:27,6,1,0
BRDA:31,7,0,0
BRDA:31,7,1,0
BRF:14
BRH:0
end_of_record
TN:
SF:/Users/slavawpb/Documents/wpbakery/vc-cake/lib/proxy-event-constructor.js
FN:3,(anonymous_1)
FN:9,(anonymous_2)
FN:12,(anonymous_3)
FN:15,(anonymous_4)
FN:18,(anonymous_5)
FNF:5
FNH:5
FNDA:2,(anonymous_1)
FNDA:1,(anonymous_2)
FNDA:3,(anonymous_3)
FNDA:1,(anonymous_4)
FNDA:1,(anonymous_5)
DA:1,2
DA:3,2
DA:4,2
DA:5,0
DA:7,2
DA:9,2
DA:10,1
DA:12,2
DA:13,3
DA:15,2
DA:16,1
DA:18,2
DA:19,1
LF:13
LH:12
BRDA:4,1,0,0
BRDA:4,1,1,2
BRF:2
BRH:1
end_of_record
TN:
SF:/Users/slavawpb/Documents/wpbakery/vc-cake/lib/events.js
FN:8,(anonymous_1)
FN:11,(anonymous_2)
FN:15,(anonymous_3)
FN:19,(anonymous_4)
FN:26,(anonymous_5)
FN:29,(anonymous_6)
FNF:6
FNH:0
FNDA:0,(anonymous_1)
FNDA:0,(anonymous_2)
FNDA:0,(anonymous_3)
FNDA:0,(anonymous_4)
FNDA:0,(anonymous_5)
FNDA:0,(anonymous_6)
DA:3,5
DA:4,5
DA:5,5
DA:7,5
DA:9,0
DA:12,0
DA:13,0
DA:16,0
DA:17,0
DA:20,0
DA:21,0
DA:23,0
DA:27,0
DA:30,0
LF:14
LH:4
BRDA:12,1,0,0
BRDA:12,1,1,0
BRDA:12,2,0,0
BRDA:12,2,1,0
BRDA:16,3,0,0
BRDA:16,3,1,0
BRDA:16,4,0,0
BRDA:16,4,1,0
BRDA:20,5,0,0
BRDA:20,5,1,0
BRF:10
BRH:0
end_of_record
